<?xml version="1.0" encoding="UTF-8"?>
<!-- Generated by org.testng.reporters.JUnitXMLReporter -->
<testsuite ignored="0" hostname="NIDHI-OIF6SMT" failures="0" tests="7" name="Orange HRM Test cases" time="101.693" errors="0" timestamp="2021-05-13T19:34:44 IST">
  <testcase classname="com.qa.test.LoginPageTest" name="validateloginpageTitle" time="0.02"/>
  <testcase classname="com.qa.test.LoginPageTest" name="Login" time="4.304"/>
  <testcase classname="com.qa.test.HomePageTest" name="ClickOnLeavePageTest" time="0.768"/>
  <testcase classname="com.qa.test.HomePageTest" name="ClickOnMyInfoPageTest" time="0.734"/>
  <testcase classname="com.qa.test.HomePageTest" name="VerifyHomePageTitleTest" time="0.017"/>
  <testcase classname="com.qa.test.HomePageTest" name="VerifyUsernameTest" time="0.142"/>
  <testcase classname="com.qa.test.LeavePageTest" name="VerifyLeaveLabelTest" time="0.074"/>
</testsuite> <!-- Orange HRM Test cases -->
